[19-Feb-2026 09:40:46 Europe/Berlin] PHP Warning:  Undefined array key "user_id" in D:\xampp\htdocs\ux\Ux-Merchandise\api\order\get.php on line 7
[20-Feb-2026 06:48:28 Europe/Berlin] PHP Warning:  mysqli::__construct(): (HY000/2002): No connection could be made because the target machine actively refused it in D:\xampp\htdocs\ux\Ux-Merchandise\includes\config.php on line 59
[20-Feb-2026 06:48:32 Europe/Berlin] PHP Warning:  mysqli::__construct(): (HY000/2002): No connection could be made because the target machine actively refused it in D:\xampp\htdocs\ux\Ux-Merchandise\includes\config.php on line 59
[20-Feb-2026 07:03:07 Europe/Berlin] PHP Warning:  Attempt to read property "num_rows" on bool in D:\xampp\htdocs\ux\Ux-Merchandise\api\order\create.php on line 60
[20-Feb-2026 07:03:07 Europe/Berlin] PHP Fatal error:  Uncaught Error: Call to a member function fetch_assoc() on bool in D:\xampp\htdocs\ux\Ux-Merchandise\api\order\create.php:64
Stack trace:
#0 {main}
  thrown in D:\xampp\htdocs\ux\Ux-Merchandise\api\order\create.php on line 64
[20-Feb-2026 07:09:37 Europe/Berlin] PHP Fatal error:  Maximum execution time of 120 seconds exceeded in D:\xampp\htdocs\ux\Ux-Merchandise\api\order\create.php on line 175
[20-Feb-2026 07:09:37 Europe/Berlin] PHP Fatal error:  Maximum execution time of 120 seconds exceeded in D:\xampp\htdocs\ux\Ux-Merchandise\includes\config.php on line 53
[20-Feb-2026 07:09:37 Europe/Berlin] PHP Fatal error:  Maximum execution time of 120 seconds exceeded in D:\xampp\htdocs\ux\Ux-Merchandise\includes\config.php on line 53
[20-Feb-2026 07:09:37 Europe/Berlin] PHP Fatal error:  Maximum execution time of 120 seconds exceeded in D:\xampp\htdocs\ux\Ux-Merchandise\includes\config.php on line 53
[20-Feb-2026 07:09:37 Europe/Berlin] PHP Fatal error:  Maximum execution time of 120 seconds exceeded in D:\xampp\htdocs\ux\Ux-Merchandise\includes\config.php on line 53
[20-Feb-2026 07:09:37 Europe/Berlin] PHP Fatal error:  Maximum execution time of 120 seconds exceeded in D:\xampp\htdocs\ux\Ux-Merchandise\includes\config.php on line 53
[20-Feb-2026 07:09:37 Europe/Berlin] PHP Fatal error:  Maximum execution time of 120 seconds exceeded in D:\xampp\htdocs\ux\Ux-Merchandise\includes\config.php on line 53
[20-Feb-2026 07:09:37 Europe/Berlin] PHP Fatal error:  Maximum execution time of 120 seconds exceeded in D:\xampp\htdocs\ux\Ux-Merchandise\includes\config.php on line 53
[20-Feb-2026 07:12:17 Europe/Berlin] PHP Warning:  mysqli::__construct(): (HY000/2002): No connection could be made because the target machine actively refused it in D:\xampp\htdocs\ux\Ux-Merchandise\includes\config.php on line 59
[20-Feb-2026 07:15:54 Europe/Berlin] PHP Warning:  mysqli::__construct(): (HY000/2002): No connection could be made because the target machine actively refused it in D:\xampp\htdocs\ux\Ux-Merchandise\includes\config.php on line 59
[11-Mar-2026 10:55:56 Europe/Berlin] PHP Warning:  mysqli::__construct(): (HY000/2002): No connection could be made because the target machine actively refused it in D:\xampp\htdocs\ux\Ux-Merchandise\includes\config.php on line 59
[11-Mar-2026 10:56:02 Europe/Berlin] PHP Warning:  mysqli::__construct(): (HY000/2002): No connection could be made because the target machine actively refused it in D:\xampp\htdocs\ux\Ux-Merchandise\includes\config.php on line 59
[11-Mar-2026 11:12:57 Europe/Berlin] PHP Warning:  mysqli::__construct(): (HY000/2002): No connection could be made because the target machine actively refused it in D:\xampp\htdocs\ux\Ux-Merchandise\includes\config.php on line 59
[11-Mar-2026 13:53:29 Europe/Berlin] PHP Warning:  mysqli::__construct(): (HY000/2002): No connection could be made because the target machine actively refused it in D:\xampp\htdocs\ux\Ux-Merchandise\includes\config.php on line 59
[11-Mar-2026 13:53:44 Europe/Berlin] PHP Warning:  mysqli::__construct(): (HY000/2002): No connection could be made because the target machine actively refused it in D:\xampp\htdocs\ux\Ux-Merchandise\includes\config.php on line 59
[11-Mar-2026 13:53:51 Europe/Berlin] PHP Warning:  mysqli::__construct(): (HY000/2002): No connection could be made because the target machine actively refused it in D:\xampp\htdocs\ux\Ux-Merchandise\includes\config.php on line 59
[11-Mar-2026 13:53:56 Europe/Berlin] PHP Warning:  mysqli::__construct(): (HY000/2002): No connection could be made because the target machine actively refused it in D:\xampp\htdocs\ux\Ux-Merchandise\includes\config.php on line 59
[11-Mar-2026 13:54:16 Europe/Berlin] PHP Warning:  mysqli::__construct(): (HY000/2002): No connection could be made because the target machine actively refused it in D:\xampp\htdocs\ux\Ux-Merchandise\includes\config.php on line 59
[11-Mar-2026 13:54:25 Europe/Berlin] PHP Warning:  mysqli::__construct(): (HY000/2002): No connection could be made because the target machine actively refused it in D:\xampp\htdocs\ux\Ux-Merchandise\includes\config.php on line 59
[11-Mar-2026 13:54:29 Europe/Berlin] PHP Warning:  mysqli::__construct(): (HY000/2002): No connection could be made because the target machine actively refused it in D:\xampp\htdocs\ux\Ux-Merchandise\includes\config.php on line 59
[11-Mar-2026 13:54:37 Europe/Berlin] PHP Warning:  mysqli::__construct(): (HY000/2002): No connection could be made because the target machine actively refused it in D:\xampp\htdocs\ux\Ux-Merchandise\includes\config.php on line 59
[26-Mar-2026 09:28:59 Europe/Berlin] PHP Fatal error:  Uncaught Error: Call to a member function bind_param() on bool in D:\xampp\htdocs\ux\Ux-Merchandise\api\address\add.php:109
Stack trace:
#0 {main}
  thrown in D:\xampp\htdocs\ux\Ux-Merchandise\api\address\add.php on line 109
[26-Mar-2026 09:29:08 Europe/Berlin] PHP Fatal error:  Uncaught Error: Call to a member function bind_param() on bool in D:\xampp\htdocs\ux\Ux-Merchandise\api\address\add.php:109
Stack trace:
#0 {main}
  thrown in D:\xampp\htdocs\ux\Ux-Merchandise\api\address\add.php on line 109
[26-Mar-2026 09:30:01 Europe/Berlin] PHP Fatal error:  Uncaught Error: Call to a member function bind_param() on bool in D:\xampp\htdocs\ux\Ux-Merchandise\api\address\add.php:109
Stack trace:
#0 {main}
  thrown in D:\xampp\htdocs\ux\Ux-Merchandise\api\address\add.php on line 109
[26-Mar-2026 09:30:16 Europe/Berlin] PHP Fatal error:  Uncaught Error: Call to a member function bind_param() on bool in D:\xampp\htdocs\ux\Ux-Merchandise\api\address\add.php:109
Stack trace:
#0 {main}
  thrown in D:\xampp\htdocs\ux\Ux-Merchandise\api\address\add.php on line 109
[26-Mar-2026 09:53:39 Europe/Berlin] PHP Fatal error:  Uncaught Error: Call to a member function bind_param() on bool in D:\xampp\htdocs\ux\Ux-Merchandise\api\address\add.php:109
Stack trace:
#0 {main}
  thrown in D:\xampp\htdocs\ux\Ux-Merchandise\api\address\add.php on line 109
[26-Mar-2026 09:54:07 Europe/Berlin] PHP Fatal error:  Uncaught Error: Call to a member function bind_param() on bool in D:\xampp\htdocs\ux\Ux-Merchandise\api\address\add.php:109
Stack trace:
#0 {main}
  thrown in D:\xampp\htdocs\ux\Ux-Merchandise\api\address\add.php on line 109
[26-Mar-2026 09:54:22 Europe/Berlin] PHP Fatal error:  Uncaught Error: Call to a member function bind_param() on bool in D:\xampp\htdocs\ux\Ux-Merchandise\api\address\add.php:109
Stack trace:
#0 {main}
  thrown in D:\xampp\htdocs\ux\Ux-Merchandise\api\address\add.php on line 109
[26-Mar-2026 09:54:22 Europe/Berlin] PHP Fatal error:  Uncaught Error: Call to a member function bind_param() on bool in D:\xampp\htdocs\ux\Ux-Merchandise\api\address\add.php:109
Stack trace:
#0 {main}
  thrown in D:\xampp\htdocs\ux\Ux-Merchandise\api\address\add.php on line 109
[26-Mar-2026 09:54:26 Europe/Berlin] PHP Fatal error:  Uncaught Error: Call to a member function bind_param() on bool in D:\xampp\htdocs\ux\Ux-Merchandise\api\address\add.php:109
Stack trace:
#0 {main}
  thrown in D:\xampp\htdocs\ux\Ux-Merchandise\api\address\add.php on line 109
[26-Mar-2026 10:20:17 Europe/Berlin] PHP Fatal error:  Uncaught Error: Call to a member function bind_param() on bool in D:\xampp\htdocs\ux\Ux-Merchandise\api\address\add.php:109
Stack trace:
#0 {main}
  thrown in D:\xampp\htdocs\ux\Ux-Merchandise\api\address\add.php on line 109
[26-Mar-2026 10:20:22 Europe/Berlin] PHP Fatal error:  Uncaught Error: Call to a member function bind_param() on bool in D:\xampp\htdocs\ux\Ux-Merchandise\api\address\add.php:109
Stack trace:
#0 {main}
  thrown in D:\xampp\htdocs\ux\Ux-Merchandise\api\address\add.php on line 109
[26-Mar-2026 10:20:28 Europe/Berlin] PHP Fatal error:  Uncaught Error: Call to a member function bind_param() on bool in D:\xampp\htdocs\ux\Ux-Merchandise\api\address\add.php:109
Stack trace:
#0 {main}
  thrown in D:\xampp\htdocs\ux\Ux-Merchandise\api\address\add.php on line 109
[26-Mar-2026 10:27:09 Europe/Berlin] PHP Fatal error:  Uncaught Error: Call to a member function bind_param() on bool in D:\xampp\htdocs\ux\Ux-Merchandise\api\address\add.php:109
Stack trace:
#0 {main}
  thrown in D:\xampp\htdocs\ux\Ux-Merchandise\api\address\add.php on line 109
[26-Mar-2026 10:46:21 Europe/Berlin] PHP Fatal error:  Uncaught ArgumentCountError: The number of elements in the type definition string must match the number of bind variables in D:\xampp\htdocs\ux\Ux-Merchandise\api\address\add.php:109
Stack trace:
#0 D:\xampp\htdocs\ux\Ux-Merchandise\api\address\add.php(109): mysqli_stmt->bind_param('isssssssssis', 50, 'Mohit', 'Rana', 'sakm, osoam, mo...', '', 'Ahmedabad', 'Gujarat', '380001', 'India', '+918238014262', 1, 'Home', 'both')
#1 {main}
  thrown in D:\xampp\htdocs\ux\Ux-Merchandise\api\address\add.php on line 109
[26-Mar-2026 10:47:12 Europe/Berlin] PHP Fatal error:  Uncaught ArgumentCountError: The number of elements in the type definition string must match the number of bind variables in D:\xampp\htdocs\ux\Ux-Merchandise\api\address\add.php:109
Stack trace:
#0 D:\xampp\htdocs\ux\Ux-Merchandise\api\address\add.php(109): mysqli_stmt->bind_param('isssssssssis', 50, 'Mohit', 'Rana', 'sakm, osoam, mo...', '', 'Ahmedabad', 'Gujarat', '380001', 'India', '+918238014262', 1, 'Work', 'both')
#1 {main}
  thrown in D:\xampp\htdocs\ux\Ux-Merchandise\api\address\add.php on line 109
[26-Mar-2026 10:49:07 Europe/Berlin] PHP Fatal error:  Uncaught ArgumentCountError: The number of elements in the type definition string must match the number of bind variables in D:\xampp\htdocs\ux\Ux-Merchandise\api\address\add.php:109
Stack trace:
#0 D:\xampp\htdocs\ux\Ux-Merchandise\api\address\add.php(109): mysqli_stmt->bind_param('isssssssssis', 50, 'Mohit', 'Rana', 'sakm, osoam, mo...', 'aaa', 'Ahmedabad', 'Gujarat', '380001', 'India', '+918238014262', 1, 'Office', 'both')
#1 {main}
  thrown in D:\xampp\htdocs\ux\Ux-Merchandise\api\address\add.php on line 109
[26-Mar-2026 10:49:13 Europe/Berlin] PHP Fatal error:  Uncaught ArgumentCountError: The number of elements in the type definition string must match the number of bind variables in D:\xampp\htdocs\ux\Ux-Merchandise\api\address\add.php:109
Stack trace:
#0 D:\xampp\htdocs\ux\Ux-Merchandise\api\address\add.php(109): mysqli_stmt->bind_param('isssssssssis', 50, 'Mohit', 'Rana', 'sakm, osoam, mo...', 'aaa', 'Ahmedabad', 'Gujarat', '380001', 'India', '+918238014262', 1, 'Office', 'both')
#1 {main}
  thrown in D:\xampp\htdocs\ux\Ux-Merchandise\api\address\add.php on line 109
[26-Mar-2026 10:49:16 Europe/Berlin] PHP Fatal error:  Uncaught ArgumentCountError: The number of elements in the type definition string must match the number of bind variables in D:\xampp\htdocs\ux\Ux-Merchandise\api\address\add.php:109
Stack trace:
#0 D:\xampp\htdocs\ux\Ux-Merchandise\api\address\add.php(109): mysqli_stmt->bind_param('isssssssssis', 50, 'Mohit', 'Rana', 'sakm, osoam, mo...', 'aaa', 'Ahmedabad', 'Gujarat', '380001', 'India', '+918238014262', 1, 'Office', 'both')
#1 {main}
  thrown in D:\xampp\htdocs\ux\Ux-Merchandise\api\address\add.php on line 109
